2026-03-16 14:57:17,811 - __main__ - INFO - Connecting to database...
2026-03-16 14:57:17,841 - __main__ - INFO - Initializing analyzer...
2026-03-16 14:57:17,842 - __main__ - INFO - Running quick health check...
2026-03-16 14:57:17,842 - __main__ - ERROR - Error detecting consecutive losses: 'Database' object has no attribute 'fetch_all'
2026-03-16 14:57:17,842 - __main__ - ERROR - Error detecting volatility: 'Database' object has no attribute 'fetch_all'
2026-03-16 14:57:17,842 - __main__ - ERROR - Error detecting margin issues: 'Database' object has no attribute 'fetch_one'
2026-03-16 14:57:17,842 - __main__ - ERROR - Error detecting execution issues: 'Database' object has no attribute 'fetch_one'
2026-03-16 14:57:17,842 - __main__ - ERROR - Error analyzing trades: 'Database' object has no attribute 'fetch_all'
2026-03-16 14:57:17,842 - __main__ - INFO - Analysis complete
2026-03-16 14:57:38,798 - __main__ - INFO - Connecting to database...
2026-03-16 14:57:38,818 - __main__ - INFO - Initializing analyzer...
2026-03-16 14:57:38,818 - __main__ - INFO - Running full analysis for last 7 days...
2026-03-16 14:57:38,818 - __main__ - INFO - Running performance analysis...
2026-03-16 14:57:38,818 - __main__ - ERROR - Error analyzing trades: 'Database' object has no attribute 'fetch_all'
2026-03-16 14:57:38,818 - __main__ - ERROR - Error identifying losing patterns: 'Database' object has no attribute 'fetch_all'
2026-03-16 14:57:38,818 - __main__ - ERROR - Error analyzing daily performance: 'Database' object has no attribute 'fetch_all'
2026-03-16 14:57:38,819 - __main__ - ERROR - Error analyzing symbol performance: 'Database' object has no attribute 'fetch_all'
2026-03-16 14:57:38,819 - __main__ - INFO - Running anomaly detection...
2026-03-16 14:57:38,819 - __main__ - ERROR - Error detecting consecutive losses: 'Database' object has no attribute 'fetch_all'
2026-03-16 14:57:38,819 - __main__ - ERROR - Error detecting volatility: 'Database' object has no attribute 'fetch_all'
2026-03-16 14:57:38,819 - __main__ - ERROR - Error detecting margin issues: 'Database' object has no attribute 'fetch_one'
2026-03-16 14:57:38,819 - __main__ - ERROR - Error detecting execution issues: 'Database' object has no attribute 'fetch_one'
2026-03-16 14:57:38,819 - __main__ - INFO - Running strategy optimization...
2026-03-16 14:57:38,819 - __main__ - ERROR - Error optimizing ADX threshold: 'Database' object has no attribute 'fetch_all'
2026-03-16 14:57:38,819 - __main__ - ERROR - Error during analysis: module 'config' has no attribute 'ADX_MIN'
Traceback (most recent call last):
  File "/Users/joselt/Desktop/beast-money-maker/analyze_bot.py", line 93, in main
    report = analyzer.run_full_analysis(days=args.days)
  File "/Users/joselt/Desktop/beast-money-maker/analysis/bot_analyzer.py", line 64, in run_full_analysis
    report += self.optimizer.generate_optimization_report(days)
              ~~~~~~~~~~~~~~~~~~~~~~~~~~~~~~~~~~~~~~~~~~~^^^^^^
  File "/Users/joselt/Desktop/beast-money-maker/analysis/strategy_optimizer.py", line 264, in generate_optimization_report
    optimizations = self.get_all_optimizations(days)
  File "/Users/joselt/Desktop/beast-money-maker/analysis/strategy_optimizer.py", line 207, in get_all_optimizations
    current=self.config.ADX_MIN if self.config else 20.0,
            ^^^^^^^^^^^^^^^^^^^
AttributeError: module 'config' has no attribute 'ADX_MIN'
2026-03-16 15:04:01,638 - __main__ - INFO - Connecting to database...
2026-03-16 15:04:01,659 - __main__ - INFO - Initializing analyzer...
2026-03-16 15:04:01,660 - __main__ - INFO - Running quick health check...
2026-03-16 15:04:01,661 - __main__ - ERROR - Error detecting consecutive losses: relation "trades" does not exist
LINE 3:                 FROM trades
                             ^

2026-03-16 15:04:01,662 - __main__ - ERROR - Error detecting volatility: relation "market_snapshots" does not exist
LINE 3:                 FROM market_snapshots
                             ^

2026-03-16 15:04:01,666 - __main__ - ERROR - Error detecting margin issues: '>' not supported between instances of 'str' and 'int'
2026-03-16 15:04:01,666 - __main__ - ERROR - Error detecting execution issues: column "execution_time_ms" does not exist
LINE 4:                        AVG(execution_time_ms) as avg_exec_ti...
                                   ^

2026-03-16 15:04:01,666 - __main__ - ERROR - Error analyzing trades: relation "trades" does not exist
LINE 4:                 FROM trades
                             ^

2026-03-16 15:04:01,666 - __main__ - INFO - Analysis complete
2026-03-16 15:04:19,497 - __main__ - INFO - Connecting to database...
2026-03-16 15:04:19,520 - __main__ - INFO - Initializing analyzer...
2026-03-16 15:04:19,520 - __main__ - INFO - Running full analysis for last 7 days...
2026-03-16 15:04:19,521 - __main__ - INFO - Running performance analysis...
2026-03-16 15:04:19,521 - __main__ - ERROR - Error analyzing trades: relation "trades" does not exist
LINE 4:                 FROM trades
                             ^

2026-03-16 15:04:19,522 - __main__ - ERROR - Error identifying losing patterns: relation "trades" does not exist
LINE 3:                 FROM trades
                             ^

2026-03-16 15:04:19,522 - __main__ - ERROR - Error analyzing daily performance: relation "trades" does not exist
LINE 10:                 FROM trades
                              ^

2026-03-16 15:04:19,523 - __main__ - ERROR - Error analyzing symbol performance: relation "trades" does not exist
LINE 9:                 FROM trades
                             ^

2026-03-16 15:04:19,523 - __main__ - INFO - Running anomaly detection...
2026-03-16 15:04:19,523 - __main__ - ERROR - Error detecting consecutive losses: relation "trades" does not exist
LINE 3:                 FROM trades
                             ^

2026-03-16 15:04:19,524 - __main__ - ERROR - Error detecting volatility: relation "market_snapshots" does not exist
LINE 3:                 FROM market_snapshots
                             ^

2026-03-16 15:04:19,527 - __main__ - ERROR - Error detecting margin issues: '>' not supported between instances of 'str' and 'int'
2026-03-16 15:04:19,528 - __main__ - ERROR - Error detecting execution issues: column "execution_time_ms" does not exist
LINE 4:                        AVG(execution_time_ms) as avg_exec_ti...
                                   ^

2026-03-16 15:04:19,528 - __main__ - INFO - Running strategy optimization...
2026-03-16 15:04:19,528 - __main__ - ERROR - Error optimizing ADX threshold: relation "trades" does not exist
LINE 3:                 FROM trades
                             ^

2026-03-16 15:04:19,528 - __main__ - ERROR - Error optimizing position size: relation "trades" does not exist
LINE 4:                 FROM trades
                             ^

2026-03-16 15:04:19,528 - __main__ - ERROR - Error optimizing stop loss: relation "trades" does not exist
LINE 3:                 FROM trades
                             ^

2026-03-16 15:04:19,529 - __main__ - ERROR - Error optimizing take profit: relation "trades" does not exist
LINE 3:                 FROM trades
                             ^

2026-03-16 15:04:19,529 - __main__ - ERROR - Error analyzing trades: relation "trades" does not exist
LINE 4:                 FROM trades
                             ^

2026-03-16 15:04:19,529 - __main__ - ERROR - Error detecting consecutive losses: relation "trades" does not exist
LINE 3:                 FROM trades
                             ^

2026-03-16 15:04:19,529 - __main__ - ERROR - Error detecting volatility: relation "market_snapshots" does not exist
LINE 3:                 FROM market_snapshots
                             ^

2026-03-16 15:04:19,531 - __main__ - ERROR - Error detecting margin issues: '>' not supported between instances of 'str' and 'int'
2026-03-16 15:04:19,531 - __main__ - ERROR - Error detecting execution issues: column "execution_time_ms" does not exist
LINE 4:                        AVG(execution_time_ms) as avg_exec_ti...
                                   ^

2026-03-16 15:04:19,531 - __main__ - ERROR - Error analyzing trades: relation "trades" does not exist
LINE 4:                 FROM trades
                             ^

2026-03-16 15:04:19,531 - __main__ - ERROR - Error optimizing ADX threshold: relation "trades" does not exist
LINE 3:                 FROM trades
                             ^

2026-03-16 15:04:19,532 - __main__ - ERROR - Error optimizing position size: relation "trades" does not exist
LINE 4:                 FROM trades
                             ^

2026-03-16 15:04:19,532 - __main__ - ERROR - Error optimizing stop loss: relation "trades" does not exist
LINE 3:                 FROM trades
                             ^

2026-03-16 15:04:19,532 - __main__ - ERROR - Error optimizing take profit: relation "trades" does not exist
LINE 3:                 FROM trades
                             ^

2026-03-16 15:04:19,532 - __main__ - INFO - Analysis complete
2026-03-16 15:10:21,529 - __main__ - INFO - Connecting to database...
2026-03-16 15:10:21,552 - __main__ - INFO - Initializing analyzer...
2026-03-16 15:10:21,552 - __main__ - INFO - Running quick health check...
2026-03-16 15:10:21,557 - __main__ - ERROR - Error detecting volatility: relation "market_snapshots" does not exist
LINE 3:                 FROM market_snapshots
                             ^

2026-03-16 15:10:21,559 - __main__ - ERROR - Error detecting margin issues: '>' not supported between instances of 'str' and 'int'
2026-03-16 15:10:21,559 - __main__ - ERROR - Error detecting execution issues: column "execution_time_ms" does not exist
LINE 4:                        AVG(execution_time_ms) as avg_exec_ti...
                                   ^

2026-03-16 15:10:21,560 - __main__ - INFO - No closed trades found in the period
2026-03-16 15:10:21,560 - __main__ - INFO - Analysis complete
2026-03-16 15:10:26,988 - __main__ - INFO - Connecting to database...
2026-03-16 15:10:27,008 - __main__ - INFO - Initializing analyzer...
2026-03-16 15:10:27,008 - __main__ - INFO - Running full analysis for last 7 days...
2026-03-16 15:10:27,008 - __main__ - INFO - Running performance analysis...
2026-03-16 15:10:27,011 - __main__ - INFO - No closed trades found in the period
2026-03-16 15:10:27,014 - __main__ - INFO - Running anomaly detection...
2026-03-16 15:10:27,016 - __main__ - ERROR - Error detecting volatility: relation "market_snapshots" does not exist
LINE 3:                 FROM market_snapshots
                             ^

2026-03-16 15:10:27,019 - __main__ - ERROR - Error detecting margin issues: '>' not supported between instances of 'str' and 'int'
2026-03-16 15:10:27,020 - __main__ - ERROR - Error detecting execution issues: column "execution_time_ms" does not exist
LINE 4:                        AVG(execution_time_ms) as avg_exec_ti...
                                   ^

2026-03-16 15:10:27,020 - __main__ - INFO - Running strategy optimization...
2026-03-16 15:10:27,020 - __main__ - ERROR - Error optimizing position size: 0
2026-03-16 15:10:27,021 - __main__ - ERROR - Error optimizing stop loss: column "positions.entry_price" must appear in the GROUP BY clause or be used in an aggregate function
LINE 2:                 SELECT AVG(ABS(realized_pnl)) / entry_price ...
                                                        ^

2026-03-16 15:10:27,022 - __main__ - ERROR - Error optimizing take profit: column "positions.entry_price" must appear in the GROUP BY clause or be used in an aggregate function
LINE 2:                 SELECT AVG(realized_pnl) / entry_price as wi...
                                                   ^

2026-03-16 15:10:27,022 - __main__ - INFO - No closed trades found in the period
2026-03-16 15:10:27,023 - __main__ - ERROR - Error detecting volatility: relation "market_snapshots" does not exist
LINE 3:                 FROM market_snapshots
                             ^

2026-03-16 15:10:27,025 - __main__ - ERROR - Error detecting margin issues: '>' not supported between instances of 'str' and 'int'
2026-03-16 15:10:27,025 - __main__ - ERROR - Error detecting execution issues: column "execution_time_ms" does not exist
LINE 4:                        AVG(execution_time_ms) as avg_exec_ti...
                                   ^

2026-03-16 15:10:27,025 - __main__ - INFO - No closed trades found in the period
2026-03-16 15:10:27,026 - __main__ - ERROR - Error optimizing position size: 0
2026-03-16 15:10:27,026 - __main__ - ERROR - Error optimizing stop loss: column "positions.entry_price" must appear in the GROUP BY clause or be used in an aggregate function
LINE 2:                 SELECT AVG(ABS(realized_pnl)) / entry_price ...
                                                        ^

2026-03-16 15:10:27,026 - __main__ - ERROR - Error optimizing take profit: column "positions.entry_price" must appear in the GROUP BY clause or be used in an aggregate function
LINE 2:                 SELECT AVG(realized_pnl) / entry_price as wi...
                                                   ^

2026-03-16 15:10:27,026 - __main__ - INFO - Analysis complete
2026-03-16 15:10:45,358 - __main__ - INFO - Connecting to database...
2026-03-16 15:10:45,378 - __main__ - INFO - Initializing analyzer...
2026-03-16 15:10:45,378 - __main__ - INFO - Running full analysis for last 7 days...
2026-03-16 15:10:45,378 - __main__ - INFO - Running performance analysis...
2026-03-16 15:10:45,381 - __main__ - INFO - No closed trades found in the period
2026-03-16 15:10:45,385 - __main__ - INFO - Running anomaly detection...
2026-03-16 15:10:45,386 - __main__ - ERROR - Error detecting volatility: relation "market_snapshots" does not exist
LINE 3:                 FROM market_snapshots
                             ^

2026-03-16 15:10:45,388 - __main__ - ERROR - Error detecting margin issues: '>' not supported between instances of 'str' and 'int'
2026-03-16 15:10:45,389 - __main__ - ERROR - Error detecting execution issues: column "execution_time_ms" does not exist
LINE 4:                        AVG(execution_time_ms) as avg_exec_ti...
                                   ^

2026-03-16 15:10:45,389 - __main__ - INFO - Running strategy optimization...
2026-03-16 15:10:45,390 - __main__ - ERROR - Error optimizing position size: 0
2026-03-16 15:10:45,390 - __main__ - ERROR - Error optimizing stop loss: 0
2026-03-16 15:10:45,390 - __main__ - ERROR - Error optimizing take profit: 0
2026-03-16 15:10:45,391 - __main__ - INFO - No closed trades found in the period
2026-03-16 15:10:45,391 - __main__ - ERROR - Error detecting volatility: relation "market_snapshots" does not exist
LINE 3:                 FROM market_snapshots
                             ^

2026-03-16 15:10:45,392 - __main__ - ERROR - Error detecting margin issues: '>' not supported between instances of 'str' and 'int'
2026-03-16 15:10:45,392 - __main__ - ERROR - Error detecting execution issues: column "execution_time_ms" does not exist
LINE 4:                        AVG(execution_time_ms) as avg_exec_ti...
                                   ^

2026-03-16 15:10:45,393 - __main__ - INFO - No closed trades found in the period
2026-03-16 15:10:45,393 - __main__ - ERROR - Error optimizing position size: 0
2026-03-16 15:10:45,393 - __main__ - ERROR - Error optimizing stop loss: 0
2026-03-16 15:10:45,394 - __main__ - ERROR - Error optimizing take profit: 0
2026-03-16 15:10:45,394 - __main__ - INFO - Analysis complete
