2026-02-25 09:05:25 | INFO | MainThread | DOTUSDT | trend=BULL | breakL=False | breakS=False | adx=73.57 | adx_ok=True | rising_ok=True | vol_ratio=2.09 | vol_up=True
2026-02-25 09:10:04 | INFO | MainThread | [CACHE] New closed candle SOLUSDT close_time=1772021399999
2026-02-25 09:10:05 | INFO | MainThread | [CACHE] New closed candle XRPUSDT close_time=1772021399999
2026-02-25 09:10:07 | INFO | MainThread | [CACHE] New closed candle LINKUSDT close_time=1772021399999
2026-02-25 09:10:08 | INFO | MainThread | [CACHE] New closed candle DOGEUSDT close_time=1772021399999
2026-02-25 09:10:10 | INFO | MainThread | [CACHE] New closed candle ADAUSDT close_time=1772021399999
2026-02-25 09:10:11 | INFO | MainThread | [CACHE] New closed candle DOTUSDT close_time=1772021399999
2026-02-25 09:10:11 | INFO | MainThread | SOLUSDT | trend=BULL | breakL=False | breakS=False | adx=38.55 | adx_ok=True | rising_ok=True | vol_ratio=0.98 | vol_up=False
2026-02-25 09:10:11 | INFO | MainThread | XRPUSDT | trend=BULL | breakL=False | breakS=False | adx=38.48 | adx_ok=True | rising_ok=False | vol_ratio=1.05 | vol_up=False
2026-02-25 09:10:11 | INFO | MainThread | LINKUSDT | trend=BULL | breakL=False | breakS=False | adx=48.31 | adx_ok=True | rising_ok=True | vol_ratio=2.17 | vol_up=True
2026-02-25 09:10:11 | INFO | MainThread | DOGEUSDT | trend=BULL | breakL=False | breakS=False | adx=50.34 | adx_ok=True | rising_ok=True | vol_ratio=0.61 | vol_up=False
2026-02-25 09:10:11 | INFO | MainThread | ADAUSDT | trend=BULL | breakL=False | breakS=False | adx=44.64 | adx_ok=True | rising_ok=True | vol_ratio=0.92 | vol_up=False
2026-02-25 09:10:11 | INFO | MainThread | DOTUSDT | trend=BULL | breakL=False | breakS=False | adx=74.45 | adx_ok=True | rising_ok=True | vol_ratio=2.07 | vol_up=True
2026-02-25 09:10:25 | INFO | MainThread | [CACHE] New closed candle POLUSDT close_time=1772021399999
2026-02-25 09:10:28 | INFO | MainThread | [CACHE] New closed candle BNBUSDT close_time=1772021399999
2026-02-25 09:10:31 | INFO | MainThread | POLUSDT | trend=BEAR | breakL=False | breakS=False | adx=21.97 | adx_ok=False | rising_ok=True | vol_ratio=0.68 | vol_up=False
2026-02-25 09:10:31 | INFO | MainThread | BNBUSDT | trend=BULL | breakL=False | breakS=False | adx=44.27 | adx_ok=True | rising_ok=True | vol_ratio=0.78 | vol_up=False
2026-02-25 09:15:05 | INFO | MainThread | [CACHE] New closed candle XRPUSDT close_time=1772021699999
2026-02-25 09:15:07 | INFO | MainThread | [CACHE] New closed candle LINKUSDT close_time=1772021699999
2026-02-25 09:15:08 | INFO | MainThread | [CACHE] New closed candle DOGEUSDT close_time=1772021699999
2026-02-25 09:15:09 | INFO | MainThread | [CACHE] New closed candle ADAUSDT close_time=1772021699999
2026-02-25 09:15:10 | INFO | MainThread | [CACHE] New closed candle DOTUSDT close_time=1772021699999
2026-02-25 09:15:10 | INFO | MainThread | XRPUSDT | trend=BULL | breakL=False | breakS=False | adx=38.36 | adx_ok=True | rising_ok=False | vol_ratio=0.48 | vol_up=False
2026-02-25 09:15:10 | INFO | MainThread | LINKUSDT | trend=BULL | breakL=False | breakS=False | adx=49.38 | adx_ok=True | rising_ok=True | vol_ratio=1.66 | vol_up=False
2026-02-25 09:15:10 | INFO | MainThread | DOGEUSDT | trend=BULL | breakL=False | breakS=False | adx=50.64 | adx_ok=True | rising_ok=True | vol_ratio=0.64 | vol_up=True
2026-02-25 09:15:10 | INFO | MainThread | ADAUSDT | trend=BULL | breakL=False | breakS=False | adx=45.94 | adx_ok=True | rising_ok=True | vol_ratio=0.62 | vol_up=False
2026-02-25 09:15:10 | INFO | MainThread | DOTUSDT | trend=BULL | breakL=False | breakS=False | adx=75.30 | adx_ok=True | rising_ok=True | vol_ratio=2.01 | vol_up=True
2026-02-25 09:15:24 | INFO | MainThread | [CACHE] New closed candle POLUSDT close_time=1772021699999
2026-02-25 09:15:26 | INFO | MainThread | [CACHE] New closed candle SOLUSDT close_time=1772021699999
2026-02-25 09:15:27 | INFO | MainThread | [CACHE] New closed candle BNBUSDT close_time=1772021699999
2026-02-25 09:15:31 | INFO | MainThread | POLUSDT | trend=BEAR | breakL=False | breakS=False | adx=22.19 | adx_ok=False | rising_ok=True | vol_ratio=0.30 | vol_up=False
2026-02-25 09:15:31 | INFO | MainThread | SOLUSDT | trend=BULL | breakL=False | breakS=False | adx=38.68 | adx_ok=True | rising_ok=True | vol_ratio=0.62 | vol_up=False
2026-02-25 09:15:31 | INFO | MainThread | BNBUSDT | trend=BULL | breakL=False | breakS=False | adx=45.04 | adx_ok=True | rising_ok=True | vol_ratio=1.74 | vol_up=True
2026-02-25 09:20:07 | INFO | MainThread | [CACHE] New closed candle SOLUSDT close_time=1772021999999
2026-02-25 09:20:09 | INFO | MainThread | [CACHE] New closed candle XRPUSDT close_time=1772021999999
2026-02-25 09:20:10 | INFO | MainThread | [CACHE] New closed candle BNBUSDT close_time=1772021999999
2026-02-25 09:20:11 | INFO | MainThread | [CACHE] New closed candle LINKUSDT close_time=1772021999999
2026-02-25 09:20:12 | INFO | MainThread | [CACHE] New closed candle DOGEUSDT close_time=1772021999999
2026-02-25 09:20:13 | INFO | MainThread | [CACHE] New closed candle ADAUSDT close_time=1772021999999
2026-02-25 09:20:14 | INFO | MainThread | [CACHE] New closed candle DOTUSDT close_time=1772021999999
2026-02-25 09:20:15 | INFO | MainThread | SOLUSDT | trend=BULL | breakL=False | breakS=False | adx=39.38 | adx_ok=True | rising_ok=True | vol_ratio=1.53 | vol_up=True
2026-02-25 09:20:15 | INFO | MainThread | XRPUSDT | trend=BULL | breakL=False | breakS=False | adx=39.54 | adx_ok=True | rising_ok=True | vol_ratio=1.87 | vol_up=True
2026-02-25 09:20:15 | INFO | MainThread | BNBUSDT | trend=BULL | breakL=False | breakS=False | adx=46.41 | adx_ok=True | rising_ok=True | vol_ratio=2.77 | vol_up=True
2026-02-25 09:20:15 | INFO | MainThread | LINKUSDT | trend=BULL | breakL=False | breakS=False | adx=51.21 | adx_ok=True | rising_ok=True | vol_ratio=3.99 | vol_up=True
2026-02-25 09:20:15 | INFO | MainThread | DOGEUSDT | trend=BULL | breakL=False | breakS=False | adx=51.84 | adx_ok=True | rising_ok=True | vol_ratio=2.83 | vol_up=True
2026-02-25 09:20:15 | INFO | MainThread | ADAUSDT | trend=BULL | breakL=False | breakS=False | adx=47.69 | adx_ok=True | rising_ok=True | vol_ratio=2.16 | vol_up=True
2026-02-25 09:20:15 | INFO | MainThread | DOTUSDT | trend=BULL | breakL=False | breakS=False | adx=73.22 | adx_ok=True | rising_ok=False | vol_ratio=1.93 | vol_up=True
2026-02-25 09:20:29 | INFO | MainThread | [CACHE] New closed candle POLUSDT close_time=1772021999999
2026-02-25 09:20:39 | INFO | MainThread | POLUSDT | trend=BEAR | breakL=False | breakS=False | adx=23.21 | adx_ok=True | rising_ok=True | vol_ratio=1.56 | vol_up=True
2026-02-25 09:25:15 | INFO | MainThread | [CACHE] New closed candle POLUSDT close_time=1772022299999
2026-02-25 09:25:16 | INFO | MainThread | [CACHE] New closed candle SOLUSDT close_time=1772022299999
2026-02-25 09:25:18 | INFO | MainThread | [CACHE] New closed candle XRPUSDT close_time=1772022299999
2026-02-25 09:25:19 | INFO | MainThread | [CACHE] New closed candle BNBUSDT close_time=1772022299999
2026-02-25 09:25:20 | INFO | MainThread | [CACHE] New closed candle LINKUSDT close_time=1772022299999
2026-02-25 09:25:21 | INFO | MainThread | [CACHE] New closed candle DOGEUSDT close_time=1772022299999
2026-02-25 09:25:22 | INFO | MainThread | [CACHE] New closed candle ADAUSDT close_time=1772022299999
2026-02-25 09:25:23 | INFO | MainThread | [CACHE] New closed candle DOTUSDT close_time=1772022299999
2026-02-25 09:25:24 | INFO | MainThread | POLUSDT | trend=BEAR | breakL=False | breakS=False | adx=25.00 | adx_ok=True | rising_ok=True | vol_ratio=1.38 | vol_up=False
2026-02-25 09:25:24 | INFO | MainThread | SOLUSDT | trend=BULL | breakL=False | breakS=False | adx=40.54 | adx_ok=True | rising_ok=True | vol_ratio=1.83 | vol_up=True
2026-02-25 09:25:24 | INFO | MainThread | XRPUSDT | trend=BULL | breakL=False | breakS=False | adx=41.27 | adx_ok=True | rising_ok=True | vol_ratio=3.78 | vol_up=True
2026-02-25 09:25:24 | INFO | MainThread | BNBUSDT | trend=BULL | breakL=False | breakS=False | adx=48.04 | adx_ok=True | rising_ok=True | vol_ratio=2.59 | vol_up=True
2026-02-25 09:25:24 | INFO | MainThread | LINKUSDT | trend=BULL | breakL=False | breakS=False | adx=53.23 | adx_ok=True | rising_ok=True | vol_ratio=2.75 | vol_up=False
2026-02-25 09:25:24 | INFO | MainThread | DOGEUSDT | trend=BULL | breakL=False | breakS=False | adx=53.74 | adx_ok=True | rising_ok=True | vol_ratio=4.29 | vol_up=True
2026-02-25 09:25:24 | INFO | MainThread | ADAUSDT | trend=BULL | breakL=False | breakS=False | adx=50.19 | adx_ok=True | rising_ok=True | vol_ratio=5.39 | vol_up=True
2026-02-25 09:25:24 | INFO | MainThread | DOTUSDT | trend=BULL | breakL=False | breakS=False | adx=71.78 | adx_ok=True | rising_ok=False | vol_ratio=1.22 | vol_up=False
2026-02-25 09:30:17 | INFO | MainThread | [CACHE] New closed candle POLUSDT close_time=1772022599999
2026-02-25 09:30:18 | INFO | MainThread | [CACHE] New closed candle SOLUSDT close_time=1772022599999
2026-02-25 09:30:19 | INFO | MainThread | [CACHE] New closed candle XRPUSDT close_time=1772022599999
2026-02-25 09:30:20 | INFO | MainThread | [CACHE] New closed candle BNBUSDT close_time=1772022599999
2026-02-25 09:30:21 | INFO | MainThread | [CACHE] New closed candle LINKUSDT close_time=1772022599999
2026-02-25 09:30:22 | INFO | MainThread | [CACHE] New closed candle DOGEUSDT close_time=1772022599999
2026-02-25 09:30:24 | INFO | MainThread | [CACHE] New closed candle ADAUSDT close_time=1772022599999
2026-02-25 09:30:25 | INFO | MainThread | [CACHE] New closed candle DOTUSDT close_time=1772022599999
2026-02-25 09:30:25 | INFO | MainThread | POLUSDT | trend=BULL | breakL=False | breakS=False | adx=26.66 | adx_ok=True | rising_ok=True | vol_ratio=0.32 | vol_up=False
2026-02-25 09:30:25 | INFO | MainThread | SOLUSDT | trend=BULL | breakL=False | breakS=False | adx=41.60 | adx_ok=True | rising_ok=True | vol_ratio=0.75 | vol_up=False
2026-02-25 09:30:25 | INFO | MainThread | XRPUSDT | trend=BULL | breakL=False | breakS=False | adx=42.87 | adx_ok=True | rising_ok=True | vol_ratio=1.38 | vol_up=False
2026-02-25 09:30:26 | INFO | MainThread | BNBUSDT | trend=BULL | breakL=False | breakS=False | adx=49.56 | adx_ok=True | rising_ok=True | vol_ratio=1.38 | vol_up=False
2026-02-25 09:30:26 | INFO | MainThread | LINKUSDT | trend=BULL | breakL=False | breakS=False | adx=54.36 | adx_ok=True | rising_ok=True | vol_ratio=1.31 | vol_up=False
2026-02-25 09:30:26 | INFO | MainThread | DOGEUSDT | trend=BULL | breakL=False | breakS=False | adx=55.50 | adx_ok=True | rising_ok=True | vol_ratio=2.06 | vol_up=False
2026-02-25 09:30:26 | INFO | MainThread | ADAUSDT | trend=BULL | breakL=False | breakS=False | adx=52.52 | adx_ok=True | rising_ok=True | vol_ratio=1.09 | vol_up=False
2026-02-25 09:30:28 | INFO | MainThread | DOTUSDT | trend=BULL | breakL=False | breakS=False | adx=70.73 | adx_ok=True | rising_ok=False | vol_ratio=1.24 | vol_up=True
2026-02-25 09:31:01 | INFO | MainThread | [CACHE INIT] POLUSDT loaded 500 candles
2026-02-25 09:31:02 | INFO | MainThread | [CACHE INIT] SOLUSDT loaded 500 candles
2026-02-25 09:31:03 | INFO | MainThread | [CACHE INIT] XRPUSDT loaded 500 candles
2026-02-25 09:31:04 | INFO | MainThread | [CACHE INIT] BNBUSDT loaded 500 candles
2026-02-25 09:31:05 | INFO | MainThread | [CACHE INIT] LINKUSDT loaded 500 candles
2026-02-25 09:31:06 | INFO | MainThread | [CACHE INIT] DOGEUSDT loaded 500 candles
2026-02-25 09:31:06 | INFO | MainThread | [CACHE INIT] ADAUSDT loaded 500 candles
2026-02-25 09:31:07 | INFO | MainThread | [CACHE INIT] DOTUSDT loaded 500 candles
2026-02-25 09:31:29 | INFO | MainThread | POLUSDT | trend=BULL | breakL=False | breakS=False | adx=26.66 | adx_ok=True | rising_ok=True | vol_ratio=0.32 | vol_up=False
2026-02-25 09:31:30 | INFO | MainThread | SOLUSDT | trend=BULL | breakL=False | breakS=False | adx=41.60 | adx_ok=True | rising_ok=True | vol_ratio=0.75 | vol_up=False
2026-02-25 09:31:30 | INFO | MainThread | XRPUSDT | trend=BULL | breakL=False | breakS=False | adx=42.87 | adx_ok=True | rising_ok=True | vol_ratio=1.38 | vol_up=False
2026-02-25 09:31:30 | INFO | MainThread | BNBUSDT | trend=BULL | breakL=False | breakS=False | adx=49.56 | adx_ok=True | rising_ok=True | vol_ratio=1.38 | vol_up=False
2026-02-25 09:31:30 | INFO | MainThread | LINKUSDT | trend=BULL | breakL=False | breakS=False | adx=54.36 | adx_ok=True | rising_ok=True | vol_ratio=1.31 | vol_up=False
2026-02-25 09:31:30 | INFO | MainThread | DOGEUSDT | trend=BULL | breakL=False | breakS=False | adx=55.50 | adx_ok=True | rising_ok=True | vol_ratio=2.06 | vol_up=False
2026-02-25 09:31:30 | INFO | MainThread | ADAUSDT | trend=BULL | breakL=False | breakS=False | adx=52.52 | adx_ok=True | rising_ok=True | vol_ratio=1.09 | vol_up=False
2026-02-25 09:31:30 | INFO | MainThread | DOTUSDT | trend=BULL | breakL=False | breakS=False | adx=70.73 | adx_ok=True | rising_ok=False | vol_ratio=1.24 | vol_up=True
2026-02-25 09:40:06 | INFO | MainThread | [CACHE] New closed candle SOLUSDT close_time=1772023199999
2026-02-25 09:40:07 | INFO | MainThread | [CACHE] New closed candle XRPUSDT close_time=1772023199999
2026-02-25 09:40:08 | INFO | MainThread | [CACHE] New closed candle BNBUSDT close_time=1772023199999
2026-02-25 09:40:09 | INFO | MainThread | [CACHE] New closed candle LINKUSDT close_time=1772023199999
2026-02-25 09:40:10 | INFO | MainThread | [CACHE] New closed candle DOGEUSDT close_time=1772023199999
2026-02-25 09:40:12 | INFO | MainThread | [CACHE] New closed candle ADAUSDT close_time=1772023199999
2026-02-25 09:40:13 | INFO | MainThread | [CACHE] New closed candle DOTUSDT close_time=1772023199999
2026-02-25 09:40:13 | INFO | MainThread | SOLUSDT | trend=BULL | breakL=False | breakS=False | adx=43.45 | adx_ok=True | rising_ok=True | vol_ratio=0.69 | vol_up=False
2026-02-25 09:40:13 | INFO | MainThread | XRPUSDT | trend=BULL | breakL=False | breakS=False | adx=46.70 | adx_ok=True | rising_ok=True | vol_ratio=1.73 | vol_up=False
2026-02-25 09:40:13 | INFO | MainThread | BNBUSDT | trend=BULL | breakL=False | breakS=False | adx=52.79 | adx_ok=True | rising_ok=True | vol_ratio=1.42 | vol_up=True
2026-02-25 09:40:13 | INFO | MainThread | LINKUSDT | trend=BULL | breakL=False | breakS=False | adx=56.99 | adx_ok=True | rising_ok=True | vol_ratio=0.85 | vol_up=False
2026-02-25 09:40:14 | INFO | MainThread | DOGEUSDT | trend=BULL | breakL=False | breakS=False | adx=59.18 | adx_ok=True | rising_ok=True | vol_ratio=0.97 | vol_up=False
2026-02-25 09:40:14 | INFO | MainThread | ADAUSDT | trend=BULL | breakL=False | breakS=False | adx=57.17 | adx_ok=True | rising_ok=True | vol_ratio=3.56 | vol_up=True
2026-02-25 09:40:14 | INFO | MainThread | DOTUSDT | trend=BULL | breakL=False | breakS=False | adx=69.39 | adx_ok=True | rising_ok=False | vol_ratio=0.60 | vol_up=False
2026-02-25 09:40:35 | INFO | MainThread | [CACHE] New closed candle POLUSDT close_time=1772023199999
2026-02-25 09:40:41 | INFO | MainThread | POLUSDT | trend=NONE | breakL=False | breakS=False | adx=24.95 | adx_ok=True | rising_ok=False | vol_ratio=1.06 | vol_up=False
2026-02-25 09:45:06 | INFO | MainThread | [CACHE] New closed candle POLUSDT close_time=1772023499999
2026-02-25 09:45:08 | INFO | MainThread | [CACHE] New closed candle SOLUSDT close_time=1772023499999
2026-02-25 09:45:09 | INFO | MainThread | [CACHE] New closed candle XRPUSDT close_time=1772023499999
2026-02-25 09:45:10 | INFO | MainThread | [CACHE] New closed candle BNBUSDT close_time=1772023499999
2026-02-25 09:45:12 | INFO | MainThread | [CACHE] New closed candle LINKUSDT close_time=1772023499999
2026-02-25 09:45:13 | INFO | MainThread | [CACHE] New closed candle DOGEUSDT close_time=1772023499999
2026-02-25 09:45:14 | INFO | MainThread | [CACHE] New closed candle ADAUSDT close_time=1772023499999
2026-02-25 09:45:15 | INFO | MainThread | [CACHE] New closed candle DOTUSDT close_time=1772023499999
2026-02-25 09:45:16 | INFO | MainThread | POLUSDT | trend=NONE | breakL=False | breakS=False | adx=24.11 | adx_ok=True | rising_ok=False | vol_ratio=1.24 | vol_up=True
2026-02-25 09:45:16 | INFO | MainThread | SOLUSDT | trend=BULL | breakL=False | breakS=False | adx=44.14 | adx_ok=True | rising_ok=True | vol_ratio=0.63 | vol_up=False
2026-02-25 09:45:16 | INFO | MainThread | XRPUSDT | trend=BULL | breakL=False | breakS=False | adx=48.43 | adx_ok=True | rising_ok=True | vol_ratio=0.87 | vol_up=False
2026-02-25 09:45:16 | INFO | MainThread | BNBUSDT | trend=BULL | breakL=False | breakS=False | adx=53.82 | adx_ok=True | rising_ok=True | vol_ratio=0.72 | vol_up=False
2026-02-25 09:45:17 | INFO | MainThread | LINKUSDT | trend=BULL | breakL=False | breakS=False | adx=58.22 | adx_ok=True | rising_ok=True | vol_ratio=0.62 | vol_up=False
2026-02-25 09:45:17 | INFO | MainThread | DOGEUSDT | trend=BULL | breakL=False | breakS=False | adx=60.83 | adx_ok=True | rising_ok=True | vol_ratio=1.15 | vol_up=True
2026-02-25 09:45:17 | INFO | MainThread | ADAUSDT | trend=BULL | breakL=False | breakS=False | adx=58.33 | adx_ok=True | rising_ok=True | vol_ratio=1.37 | vol_up=False
2026-02-25 09:45:17 | INFO | MainThread | DOTUSDT | trend=BULL | breakL=False | breakS=False | adx=67.90 | adx_ok=True | rising_ok=False | vol_ratio=1.01 | vol_up=True
2026-02-25 09:50:03 | INFO | MainThread | [CACHE] New closed candle LINKUSDT close_time=1772023799999
2026-02-25 09:50:20 | INFO | MainThread | [CACHE] New closed candle POLUSDT close_time=1772023799999
2026-02-25 09:50:21 | INFO | MainThread | [CACHE] New closed candle SOLUSDT close_time=1772023799999
2026-02-25 09:50:22 | INFO | MainThread | [CACHE] New closed candle XRPUSDT close_time=1772023799999
2026-02-25 09:50:23 | INFO | MainThread | [CACHE] New closed candle BNBUSDT close_time=1772023799999
2026-02-25 09:50:26 | INFO | MainThread | [CACHE] New closed candle DOGEUSDT close_time=1772023799999
2026-02-25 09:50:27 | INFO | MainThread | [CACHE] New closed candle ADAUSDT close_time=1772023799999
2026-02-25 09:50:28 | INFO | MainThread | [CACHE] New closed candle DOTUSDT close_time=1772023799999
2026-02-25 09:50:28 | INFO | MainThread | POLUSDT | trend=BULL | breakL=False | breakS=False | adx=23.70 | adx_ok=True | rising_ok=False | vol_ratio=0.69 | vol_up=False
2026-02-25 09:50:28 | INFO | MainThread | SOLUSDT | trend=BULL | breakL=False | breakS=False | adx=45.44 | adx_ok=True | rising_ok=True | vol_ratio=1.85 | vol_up=True
2026-02-25 09:50:28 | INFO | MainThread | XRPUSDT | trend=BULL | breakL=False | breakS=False | adx=49.16 | adx_ok=True | rising_ok=True | vol_ratio=1.35 | vol_up=True
2026-02-25 09:50:29 | INFO | MainThread | BNBUSDT | trend=BULL | breakL=False | breakS=False | adx=55.11 | adx_ok=True | rising_ok=True | vol_ratio=1.12 | vol_up=True
2026-02-25 09:50:29 | INFO | MainThread | DOGEUSDT | trend=BULL | breakL=False | breakS=False | adx=62.61 | adx_ok=True | rising_ok=True | vol_ratio=1.68 | vol_up=True
2026-02-25 09:50:29 | INFO | MainThread | ADAUSDT | trend=BULL | breakL=False | breakS=False | adx=59.46 | adx_ok=True | rising_ok=True | vol_ratio=0.99 | vol_up=False
2026-02-25 09:50:29 | INFO | MainThread | DOTUSDT | trend=BULL | breakL=False | breakS=False | adx=67.34 | adx_ok=True | rising_ok=False | vol_ratio=1.90 | vol_up=True
2026-02-25 09:55:05 | INFO | MainThread | [CACHE] New closed candle DOGEUSDT close_time=1772024099999
2026-02-25 09:55:07 | INFO | MainThread | [CACHE] New closed candle DOTUSDT close_time=1772024099999
2026-02-25 09:55:07 | INFO | MainThread | DOGEUSDT | trend=BULL | breakL=False | breakS=False | adx=64.43 | adx_ok=True | rising_ok=True | vol_ratio=3.29 | vol_up=True
2026-02-25 09:55:07 | INFO | MainThread | DOTUSDT | trend=BULL | breakL=False | breakS=False | adx=67.26 | adx_ok=True | rising_ok=False | vol_ratio=1.82 | vol_up=True
2026-02-25 09:55:21 | INFO | MainThread | [CACHE] New closed candle POLUSDT close_time=1772024099999
2026-02-25 09:55:22 | INFO | MainThread | [CACHE] New closed candle SOLUSDT close_time=1772024099999
2026-02-25 09:55:23 | INFO | MainThread | [CACHE] New closed candle XRPUSDT close_time=1772024099999
2026-02-25 09:55:24 | INFO | MainThread | [CACHE] New closed candle BNBUSDT close_time=1772024099999
2026-02-25 09:55:26 | INFO | MainThread | [CACHE] New closed candle LINKUSDT close_time=1772024099999
2026-02-25 09:55:28 | INFO | MainThread | [CACHE] New closed candle ADAUSDT close_time=1772024099999
2026-02-25 09:55:29 | INFO | MainThread | POLUSDT | trend=BULL | breakL=False | breakS=False | adx=24.27 | adx_ok=True | rising_ok=True | vol_ratio=1.38 | vol_up=True
2026-02-25 09:55:29 | INFO | MainThread | SOLUSDT | trend=BULL | breakL=False | breakS=False | adx=47.17 | adx_ok=True | rising_ok=True | vol_ratio=3.85 | vol_up=True
2026-02-25 09:55:29 | INFO | MainThread | XRPUSDT | trend=BULL | breakL=False | breakS=False | adx=50.58 | adx_ok=True | rising_ok=True | vol_ratio=3.01 | vol_up=True
2026-02-25 09:55:29 | INFO | MainThread | BNBUSDT | trend=BULL | breakL=False | breakS=False | adx=56.63 | adx_ok=True | rising_ok=True | vol_ratio=2.48 | vol_up=True
2026-02-25 09:55:29 | INFO | MainThread | LINKUSDT | trend=BULL | breakL=False | breakS=False | adx=61.18 | adx_ok=True | rising_ok=True | vol_ratio=3.07 | vol_up=True
2026-02-25 09:55:29 | INFO | MainThread | ADAUSDT | trend=BULL | breakL=False | breakS=False | adx=60.94 | adx_ok=True | rising_ok=True | vol_ratio=2.31 | vol_up=True
2026-02-25 10:00:12 | INFO | MainThread | [CACHE] New closed candle POLUSDT close_time=1772024399999
2026-02-25 10:00:13 | INFO | MainThread | [CACHE] New closed candle SOLUSDT close_time=1772024399999
2026-02-25 10:00:14 | INFO | MainThread | [CACHE] New closed candle XRPUSDT close_time=1772024399999
2026-02-25 10:00:15 | INFO | MainThread | [CACHE] New closed candle BNBUSDT close_time=1772024399999
2026-02-25 10:00:16 | INFO | MainThread | [CACHE] New closed candle LINKUSDT close_time=1772024399999
2026-02-25 10:00:18 | INFO | MainThread | [CACHE] New closed candle DOGEUSDT close_time=1772024399999
2026-02-25 10:00:19 | INFO | MainThread | [CACHE] New closed candle ADAUSDT close_time=1772024399999
2026-02-25 10:00:20 | INFO | MainThread | [CACHE] New closed candle DOTUSDT close_time=1772024399999
2026-02-25 10:00:21 | INFO | MainThread | POLUSDT | trend=BULL | breakL=False | breakS=False | adx=25.49 | adx_ok=True | rising_ok=True | vol_ratio=1.09 | vol_up=False
2026-02-25 10:00:21 | INFO | MainThread | SOLUSDT | trend=BULL | breakL=False | breakS=False | adx=47.80 | adx_ok=True | rising_ok=True | vol_ratio=1.33 | vol_up=False
2026-02-25 10:00:21 | INFO | MainThread | XRPUSDT | trend=BULL | breakL=False | breakS=False | adx=51.88 | adx_ok=True | rising_ok=True | vol_ratio=0.95 | vol_up=False
2026-02-25 10:00:21 | INFO | MainThread | BNBUSDT | trend=BULL | breakL=False | breakS=False | adx=57.63 | adx_ok=True | rising_ok=True | vol_ratio=0.85 | vol_up=False
2026-02-25 10:00:21 | INFO | MainThread | LINKUSDT | trend=BULL | breakL=False | breakS=False | adx=62.68 | adx_ok=True | rising_ok=True | vol_ratio=1.05 | vol_up=False
2026-02-25 10:00:21 | INFO | MainThread | DOGEUSDT | trend=BULL | breakL=False | breakS=False | adx=65.50 | adx_ok=True | rising_ok=True | vol_ratio=1.27 | vol_up=False
2026-02-25 10:00:21 | INFO | MainThread | ADAUSDT | trend=BULL | breakL=False | breakS=False | adx=62.14 | adx_ok=True | rising_ok=True | vol_ratio=0.91 | vol_up=False
2026-02-25 10:00:22 | INFO | MainThread | DOTUSDT | trend=BULL | breakL=False | breakS=False | adx=67.20 | adx_ok=True | rising_ok=False | vol_ratio=1.22 | vol_up=False
